{
  "numFailedTestSuites": 0,
  "numFailedTests": 0,
  "numPassedTestSuites": 1,
  "numPassedTests": 4,
  "numPendingTestSuites": 0,
  "numPendingTests": 0,
  "numRuntimeErrorTestSuites": 0,
  "numTodoTests": 0,
  "numTotalTestSuites": 3,
  "numTotalTests": 4,
  "openHandles": [],
  "snapshot": {
    "added": 0,
    "didUpdate": false,
    "failure": false,
    "filesAdded": 0,
    "filesRemoved": 0,
    "filesRemovedList": [],
    "filesUnmatched": 0,
    "filesUpdated": 0,
    "matched": 0,
    "total": 0,
    "unchecked": 0,
    "uncheckedKeysByFile": [],
    "unmatched": 0,
    "updated": 0
  },
  "startTime": 1580202441637,
  "success": false,
  "testResults": [
    {
      "failureMessage": null,
      "numFailingTests": 0,
      "numPassingTests": 4,
      "numPendingTests": 0,
      "numTodoTests": 0,
      "perfStats": {
        "end": 1580202444950,
        "start": 1580202442377
      },
      "snapshot": {
        "added": 0,
        "fileDeleted": false,
        "matched": 0,
        "unchecked": 0,
        "unmatched": 0,
        "updated": 0,
        "uncheckedKeys": []
      },
      "testFilePath": "/Users/hmuleva/Personal/SEERVI/server/HCMPRISMA/tests/administration/suborg.test.js",
      "testResults": [
        {
          "ancestorTitles": [
            "SubOrg Create Suite "
          ],
          "duration": 99,
          "failureMessages": [],
          "fullName": "SubOrg Create Suite  Create SubOrg Positive Case",
          "location": null,
          "numPassingAsserts": 0,
          "status": "passed",
          "title": "Create SubOrg Positive Case"
        },
        {
          "ancestorTitles": [
            "SubOrg DeleteSubOrg Suite "
          ],
          "duration": 99,
          "failureMessages": [],
          "fullName": "SubOrg DeleteSubOrg Suite  Delete SubOrg Positive Case",
          "location": null,
          "numPassingAsserts": 0,
          "status": "passed",
          "title": "Delete SubOrg Positive Case"
        },
        {
          "ancestorTitles": [
            "SubOrg UdateSubOrg Suite "
          ],
          "duration": 112,
          "failureMessages": [],
          "fullName": "SubOrg UdateSubOrg Suite  Udate SubOrg Positive Case",
          "location": null,
          "numPassingAsserts": 0,
          "status": "passed",
          "title": "Udate SubOrg Positive Case"
        },
        {
          "ancestorTitles": [
            "Query SubOrgusing Tests "
          ],
          "duration": 38,
          "failureMessages": [],
          "fullName": "Query SubOrgusing Tests  Query SubOrg with id",
          "location": null,
          "numPassingAsserts": 0,
          "status": "passed",
          "title": "Query SubOrg with id"
        }
      ],
      "skipped": false,
      "leaks": false
    }
  ],
  "wasInterrupted": false
}