{
  "numFailedTestSuites": 0,
  "numFailedTests": 0,
  "numPassedTestSuites": 1,
  "numPassedTests": 4,
  "numPendingTestSuites": 0,
  "numPendingTests": 0,
  "numRuntimeErrorTestSuites": 0,
  "numTodoTests": 0,
  "numTotalTestSuites": 1,
  "numTotalTests": 4,
  "openHandles": [],
  "snapshot": {
    "added": 0,
    "didUpdate": false,
    "failure": false,
    "filesAdded": 0,
    "filesRemoved": 0,
    "filesRemovedList": [],
    "filesUnmatched": 0,
    "filesUpdated": 0,
    "matched": 0,
    "total": 0,
    "unchecked": 0,
    "uncheckedKeysByFile": [],
    "unmatched": 0,
    "updated": 0
  },
  "startTime": 1592914716099,
  "success": false,
  "testResults": [
    {
      "leaks": false,
      "numFailingTests": 0,
      "numPassingTests": 4,
      "numPendingTests": 0,
      "numTodoTests": 0,
      "openHandles": [],
      "perfStats": {
        "end": 1592914722438,
        "start": 1592914717649
      },
      "skipped": false,
      "snapshot": {
        "added": 0,
        "fileDeleted": false,
        "matched": 0,
        "unchecked": 0,
        "unmatched": 0,
        "updated": 0,
        "uncheckedKeys": []
      },
      "testFilePath": "/Users/hmuleva/Personal/SEERVI/server/HCMPRISMA/tests/administration/organization/orgnization.test.js",
      "testResults": [
        {
          "ancestorTitles": [
            "Org Create Test "
          ],
          "duration": 148,
          "failureMessages": [],
          "fullName": "Org Create Test  create Org Positive Case",
          "location": null,
          "numPassingAsserts": 0,
          "status": "passed",
          "title": "create Org Positive Case"
        },
        {
          "ancestorTitles": [
            "Org Read, uppdate and Delete Test"
          ],
          "duration": 79,
          "failureMessages": [],
          "fullName": "Org Read, uppdate and Delete Test Read Org Positive Case",
          "location": null,
          "numPassingAsserts": 0,
          "status": "passed",
          "title": "Read Org Positive Case"
        },
        {
          "ancestorTitles": [
            "Org Read, uppdate and Delete Test"
          ],
          "duration": 62,
          "failureMessages": [],
          "fullName": "Org Read, uppdate and Delete Test GetOrganization byId Positive Case",
          "location": null,
          "numPassingAsserts": 0,
          "status": "passed",
          "title": "GetOrganization byId Positive Case"
        },
        {
          "ancestorTitles": [
            "Org Read, uppdate and Delete Test"
          ],
          "duration": 149,
          "failureMessages": [],
          "fullName": "Org Read, uppdate and Delete Test UpdateOrganization byId Positive Case",
          "location": null,
          "numPassingAsserts": 0,
          "status": "passed",
          "title": "UpdateOrganization byId Positive Case"
        }
      ],
      "failureMessage": null
    }
  ],
  "wasInterrupted": false
}